<?xml version="1.0" encoding="UTF-8"?>
<!-- Generated by org.testng.reporters.JUnitReportReporter -->
<testsuite hostname="DESKTOP-T5PDHFG" failures="0" tests="1" name="TestiNGprograms.TestNGProject.AppTest" time="0.009" errors="0" timestamp="27 Apr 2021 13:47:02 GMT" skipped="0">
  <testcase classname="TestiNGprograms.TestNGProject.AppTest" name="shouldAnswerWithTrue" time="0.009"/>
</testsuite> <!-- TestiNGprograms.TestNGProject.AppTest -->
